#
# There is insufficient memory for the Java Runtime Environment to continue.
# Native memory allocation (malloc) failed to allocate 368016 bytes for Chunk::new
# Possible reasons:
#   The system is out of physical RAM or swap space
#   In 32 bit mode, the process size limit was hit
# Possible solutions:
#   Reduce memory load on the system
#   Increase physical memory or swap space
#   Check if swap backing store is full
#   Use 64 bit Java on a 64 bit OS
#   Decrease Java heap size (-Xmx/-Xms)
#   Decrease number of Java threads
#   Decrease Java thread stack sizes (-Xss)
#   Set larger code cache with -XX:ReservedCodeCacheSize=
# This output file may be truncated or incomplete.
#
#  Out of Memory Error (allocation.cpp:323), pid=8664, tid=7356
#
# JRE version: Java(TM) SE Runtime Environment (7.0_75-b13) (build 1.7.0_75-b13)
# Java VM: Java HotSpot(TM) 64-Bit Server VM (24.75-b04 mixed mode windows-amd64 compressed oops)
# Failed to write core dump. Minidumps are not enabled by default on client versions of Windows
#

---------------  T H R E A D  ---------------

Current thread (0x0000000008434800):  JavaThread "C2 CompilerThread0" daemon [_thread_in_native, id=7356, stack(0x0000000009d10000,0x0000000009e10000)]

Stack: [0x0000000009d10000,0x0000000009e10000]
[error occurred during error reporting (printing stack bounds), id 0xc0000005]


[error occurred during error reporting (printing native stack), id 0xc0000005]


Current CompileTask:
C2:   3030  402             com.android.dx.merge.IndexMap$EncodedValueTransformer::transform (495 bytes)


---------------  P R O C E S S  ---------------

Java Threads: ( => current thread )
  0x0000000008443000 JavaThread "Service Thread" daemon [_thread_blocked, id=6420, stack(0x0000000009f30000,0x000000000a030000)]
  0x0000000008441800 JavaThread "C2 CompilerThread1" daemon [_thread_in_native, id=5236, stack(0x0000000009e10000,0x0000000009f10000)]
=>0x0000000008434800 JavaThread "C2 CompilerThread0" daemon [_thread_in_native, id=7356, stack(0x0000000009d10000,0x0000000009e10000)]
  0x0000000008431000 JavaThread "Attach Listener" daemon [_thread_blocked, id=2152, stack(0x0000000009ae0000,0x0000000009be0000)]
  0x000000000842c000 JavaThread "Signal Dispatcher" daemon [_thread_blocked, id=6204, stack(0x00000000099c0000,0x0000000009ac0000)]
  0x00000000083dc000 JavaThread "Finalizer" daemon [_thread_blocked, id=7120, stack(0x0000000009460000,0x0000000009560000)]
  0x00000000083d5000 JavaThread "Reference Handler" daemon [_thread_blocked, id=1016, stack(0x00000000097c0000,0x00000000098c0000)]
  0x000000000225f800 JavaThread "main" [_thread_in_Java, id=5148, stack(0x0000000002390000,0x0000000002490000)]

Other Threads:
  0x00000000083cf800 VMThread [stack: 0x0000000009620000,0x0000000009720000] [id=1396]
  0x000000000844c800 WatcherThread [stack: 0x000000000a050000,0x000000000a150000] [id=8452]

VM state:not at safepoint (normal execution)

VM Mutex/Monitor currently owned by a thread: None

Heap
 PSYoungGen      total 19456K, used 8069K [0x00000000eaa80000, 0x00000000ec000000, 0x0000000100000000)
  eden space 16896K, 32% used [0x00000000eaa80000,0x00000000eafe4320,0x00000000ebb00000)
  from space 2560K, 99% used [0x00000000ebb00000,0x00000000ebd7d2a0,0x00000000ebd80000)
  to   space 2560K, 0% used [0x00000000ebd80000,0x00000000ebd80000,0x00000000ec000000)
 ParOldGen       total 43008K, used 12743K [0x00000000c0000000, 0x00000000c2a00000, 0x00000000eaa80000)
  object space 43008K, 29% used [0x00000000c0000000,0x00000000c0c71cc0,0x00000000c2a00000)
 PSPermGen       total 21504K, used 6697K [0x00000000bae00000, 0x00000000bc300000, 0x00000000c0000000)
  object space 21504K, 31% used [0x00000000bae00000,0x00000000bb48a490,0x00000000bc300000)

Card table byte_map: [0x0000000005490000,0x00000000056c0000] byte_map_base: 0x0000000004eb9000

Polling page: 0x0000000000450000

Code Cache  [0x0000000002490000, 0x0000000002700000, 0x0000000005490000)
 total_blobs=657 nmethods=401 adapters=208 free_code_cache=48141Kb largest_free_block=49258880

Compilation events (10 events):
Event: 2.986 Thread 0x0000000008434800 nmethod 397 0x000000000258f590 code [0x000000000258f720, 0x000000000258fc48]
Event: 2.986 Thread 0x0000000008434800  398             com.android.dex.FieldId::writeTo (25 bytes)
Event: 2.987 Thread 0x0000000008441800 nmethod 396 0x000000000257ea50 code [0x000000000257ebe0, 0x000000000257f168]
Event: 2.987 Thread 0x0000000008441800  399             com.android.dex.FieldId::compareTo (9 bytes)
Event: 2.989 Thread 0x0000000008441800 nmethod 399 0x000000000257e750 code [0x000000000257e8a0, 0x000000000257e978]
Event: 2.989 Thread 0x0000000008441800  400             com.android.dex.FieldId::compareTo (58 bytes)
Event: 2.991 Thread 0x0000000008441800 nmethod 400 0x000000000258f310 code [0x000000000258f440, 0x000000000258f4f8]
Event: 2.991 Thread 0x0000000008441800  401             com.android.dex.EncodedValueCodec::writeUnsignedIntegralValue (66 bytes)
Event: 3.000 Thread 0x0000000008434800 nmethod 398 0x0000000002591410 code [0x00000000025915a0, 0x0000000002591aa8]
Event: 3.000 Thread 0x0000000008434800  402             com.android.dx.merge.IndexMap$EncodedValueTransformer::transform (495 bytes)

GC Heap History (6 events):
Event: 1.417 GC heap before
{Heap before GC invocations=1 (full 0):
 PSYoungGen      total 19456K, used 16896K [0x00000000eaa80000, 0x00000000ec000000, 0x0000000100000000)
  eden space 16896K, 100% used [0x00000000eaa80000,0x00000000ebb00000,0x00000000ebb00000)
  from space 2560K, 0% used [0x00000000ebd80000,0x00000000ebd80000,0x00000000ec000000)
  to   space 2560K, 0% used [0x00000000ebb00000,0x00000000ebb00000,0x00000000ebd80000)
 ParOldGen       total 43008K, used 0K [0x00000000c0000000, 0x00000000c2a00000, 0x00000000eaa80000)
  object space 43008K, 0% used [0x00000000c0000000,0x00000000c0000000,0x00000000c2a00000)
 PSPermGen       total 21504K, used 4976K [0x00000000bae00000, 0x00000000bc300000, 0x00000000c0000000)
  object space 21504K, 23% used [0x00000000bae00000,0x00000000bb2dc238,0x00000000bc300000)
Event: 1.428 GC heap after
Heap after GC invocations=1 (full 0):
 PSYoungGen      total 19456K, used 2544K [0x00000000eaa80000, 0x00000000ec000000, 0x0000000100000000)
  eden space 16896K, 0% used [0x00000000eaa80000,0x00000000eaa80000,0x00000000ebb00000)
  from space 2560K, 99% used [0x00000000ebb00000,0x00000000ebd7c028,0x00000000ebd80000)
  to   space 2560K, 0% used [0x00000000ebd80000,0x00000000ebd80000,0x00000000ec000000)
 ParOldGen       total 43008K, used 1898K [0x00000000c0000000, 0x00000000c2a00000, 0x00000000eaa80000)
  object space 43008K, 4% used [0x00000000c0000000,0x00000000c01dabb8,0x00000000c2a00000)
 PSPermGen       total 21504K, used 4976K [0x00000000bae00000, 0x00000000bc300000, 0x00000000c0000000)
  object space 21504K, 23% used [0x00000000bae00000,0x00000000bb2dc238,0x00000000bc300000)
}
Event: 2.374 GC heap before
{Heap before GC invocations=2 (full 0):
 PSYoungGen      total 19456K, used 19440K [0x00000000eaa80000, 0x00000000ec000000, 0x0000000100000000)
  eden space 16896K, 100% used [0x00000000eaa80000,0x00000000ebb00000,0x00000000ebb00000)
  from space 2560K, 99% used [0x00000000ebb00000,0x00000000ebd7c028,0x00000000ebd80000)
  to   space 2560K, 0% used [0x00000000ebd80000,0x00000000ebd80000,0x00000000ec000000)
 ParOldGen       total 43008K, used 1898K [0x00000000c0000000, 0x00000000c2a00000, 0x00000000eaa80000)
  object space 43008K, 4% used [0x00000000c0000000,0x00000000c01dabb8,0x00000000c2a00000)
 PSPermGen       total 21504K, used 6646K [0x00000000bae00000, 0x00000000bc300000, 0x00000000c0000000)
  object space 21504K, 30% used [0x00000000bae00000,0x00000000bb47d880,0x00000000bc300000)
Event: 2.392 GC heap after
Heap after GC invocations=2 (full 0):
 PSYoungGen      total 19456K, used 2545K [0x00000000eaa80000, 0x00000000ec000000, 0x0000000100000000)
  eden space 16896K, 0% used [0x00000000eaa80000,0x00000000eaa80000,0x00000000ebb00000)
  from space 2560K, 99% used [0x00000000ebd80000,0x00000000ebffc638,0x00000000ec000000)
  to   space 2560K, 0% used [0x00000000ebb00000,0x00000000ebb00000,0x00000000ebd80000)
 ParOldGen       total 43008K, used 5401K [0x00000000c0000000, 0x00000000c2a00000, 0x00000000eaa80000)
  object space 43008K, 12% used [0x00000000c0000000,0x00000000c0546778,0x00000000c2a00000)
 PSPermGen       total 21504K, used 6646K [0x00000000bae00000, 0x00000000bc300000, 0x00000000c0000000)
  object space 21504K, 30% used [0x00000000bae00000,0x00000000bb47d880,0x00000000bc300000)
}
Event: 2.890 GC heap before
{Heap before GC invocations=3 (full 0):
 PSYoungGen      total 19456K, used 19441K [0x00000000eaa80000, 0x00000000ec000000, 0x0000000100000000)
  eden space 16896K, 100% used [0x00000000eaa80000,0x00000000ebb00000,0x00000000ebb00000)
  from space 2560K, 99% used [0x00000000ebd80000,0x00000000ebffc638,0x00000000ec000000)
  to   space 2560K, 0% used [0x00000000ebb00000,0x00000000ebb00000,0x00000000ebd80000)
 ParOldGen       total 43008K, used 5401K [0x00000000c0000000, 0x00000000c2a00000, 0x00000000eaa80000)
  object space 43008K, 12% used [0x00000000c0000000,0x00000000c0546778,0x00000000c2a00000)
 PSPermGen       total 21504K, used 6679K [0x00000000bae00000, 0x00000000bc300000, 0x00000000c0000000)
  object space 21504K, 31% used [0x00000000bae00000,0x00000000bb485e80,0x00000000bc300000)
Event: 2.904 GC heap after
Heap after GC invocations=3 (full 0):
 PSYoungGen      total 19456K, used 2548K [0x00000000eaa80000, 0x00000000ec000000, 0x0000000100000000)
  eden space 16896K, 0% used [0x00000000eaa80000,0x00000000eaa80000,0x00000000ebb00000)
  from space 2560K, 99% used [0x00000000ebb00000,0x00000000ebd7d2a0,0x00000000ebd80000)
  to   space 2560K, 0% used [0x00000000ebd80000,0x00000000ebd80000,0x00000000ec000000)
 ParOldGen       total 43008K, used 12743K [0x00000000c0000000, 0x00000000c2a00000, 0x00000000eaa80000)
  object space 43008K, 29% used [0x00000000c0000000,0x00000000c0c71cc0,0x00000000c2a00000)
 PSPermGen       total 21504K, used 6679K [0x00000000bae00000, 0x00000000bc300000, 0x00000000c0000000)
  object space 21504K, 31% used [0x00000000bae00000,0x00000000bb485e80,0x00000000bc300000)
}

Deoptimization events (7 events):
Event: 0.932 Thread 0x000000000225f800 Uncommon trap: reason=unreached action=reinterpret pc=0x00000000024f9984 method=com.android.dx.rop.cst.Constant.compareTo(Lcom/android/dx/rop/cst/Constant;)I @ 12
Event: 1.087 Thread 0x000000000225f800 Uncommon trap: reason=null_check action=make_not_entrant pc=0x0000000002512934 method=com.android.dx.rop.code.LocalItem.equals(Ljava/lang/Object;)Z @ 1
Event: 2.250 Thread 0x000000000225f800 Uncommon trap: reason=class_check action=maybe_recompile pc=0x000000000254a4e0 method=com.android.dex.Leb128.readUnsignedLeb128(Lcom/android/dex/util/ByteInput;)I @ 5
Event: 2.250 Thread 0x000000000225f800 Uncommon trap: reason=class_check action=maybe_recompile pc=0x000000000254a4e0 method=com.android.dex.Leb128.readUnsignedLeb128(Lcom/android/dex/util/ByteInput;)I @ 5
Event: 2.250 Thread 0x000000000225f800 Uncommon trap: reason=class_check action=maybe_recompile pc=0x000000000254a4e0 method=com.android.dex.Leb128.readUnsignedLeb128(Lcom/android/dex/util/ByteInput;)I @ 5
Event: 2.250 Thread 0x000000000225f800 Uncommon trap: reason=class_check action=maybe_recompile pc=0x000000000254a4e0 method=com.android.dex.Leb128.readUnsignedLeb128(Lcom/android/dex/util/ByteInput;)I @ 5
Event: 2.556 Thread 0x000000000225f800 Uncommon trap: reason=predicate action=maybe_recompile pc=0x00000000025576e8 method=com.android.dex.Leb128.readUnsignedLeb128(Lcom/android/dex/util/ByteInput;)I @ 41

Internal exceptions (10 events):
Event: 2.081 Thread 0x000000000225f800 Threw 0x00000000eb684430 at C:\re\jdk7u75\1940\hotspot\src\share\vm\prims\jvm.cpp:1281
Event: 2.081 Thread 0x000000000225f800 Threw 0x00000000eb687500 at C:\re\jdk7u75\1940\hotspot\src\share\vm\prims\jvm.cpp:1281
Event: 2.082 Thread 0x000000000225f800 Threw 0x00000000eb68a6b0 at C:\re\jdk7u75\1940\hotspot\src\share\vm\prims\jvm.cpp:1281
Event: 2.084 Thread 0x000000000225f800 Threw 0x00000000eb68e038 at C:\re\jdk7u75\1940\hotspot\src\share\vm\prims\jvm.cpp:1281
Event: 2.084 Thread 0x000000000225f800 Threw 0x00000000eb690ef0 at C:\re\jdk7u75\1940\hotspot\src\share\vm\prims\jvm.cpp:1281
Event: 2.085 Thread 0x000000000225f800 Threw 0x00000000eb693f68 at C:\re\jdk7u75\1940\hotspot\src\share\vm\prims\jvm.cpp:1281
Event: 2.086 Thread 0x000000000225f800 Threw 0x00000000eb6973f8 at C:\re\jdk7u75\1940\hotspot\src\share\vm\prims\jvm.cpp:1281
Event: 2.090 Thread 0x000000000225f800 Threw 0x00000000eb69e940 at C:\re\jdk7u75\1940\hotspot\src\share\vm\prims\jvm.cpp:1281
Event: 2.091 Thread 0x000000000225f800 Threw 0x00000000eb6a0b58 at C:\re\jdk7u75\1940\hotspot\src\share\vm\prims\jvm.cpp:1281
Event: 2.768 Thread 0x000000000225f800 Threw 0x00000000eb38d560 at C:\re\jdk7u75\1940\hotspot\src\share\vm\prims\jvm.cpp:1281

Events (10 events):
Event: 2.374 Executing VM operation: ParallelGCFailedAllocation
Event: 2.392 Executing VM operation: ParallelGCFailedAllocation done
Event: 2.556 Thread 0x000000000225f800 Uncommon trap: trap_request=0xffffff86 fr.pc=0x00000000025576e8
Event: 2.556 Thread 0x000000000225f800 DEOPT PACKING pc=0x00000000025576e8 sp=0x000000000248eb80
Event: 2.556 Thread 0x000000000225f800 DEOPT UNPACKING pc=0x00000000024c75a4 sp=0x000000000248eb28 mode 2
Event: 2.768 loading class 0x000000000a546950
Event: 2.768 loading class 0x000000000a546950 done
Event: 2.890 Executing VM operation: ParallelGCFailedAllocation
Event: 2.904 Executing VM operation: ParallelGCFailedAllocation done
Event: 2.923 Thread 0x0000000008441800 flushing nmethod 0x00000000024f97d0


Dynamic libraries:
0x000000013fc90000 - 0x000000013fcc3000 	C:\Program Files\Java\jdk1.7.0_75\bin\java.exe
0x0000000077090000 - 0x0000000077239000 	C:\Windows\SYSTEM32\ntdll.dll
0x0000000076f70000 - 0x000000007708f000 	C:\Windows\system32\kernel32.dll
0x000007fefce60000 - 0x000007fefcecc000 	C:\Windows\system32\KERNELBASE.dll
0x000007fefd200000 - 0x000007fefd2db000 	C:\Windows\system32\ADVAPI32.dll
0x000007feff220000 - 0x000007feff2bf000 	C:\Windows\system32\msvcrt.dll
0x000007fefe940000 - 0x000007fefe95f000 	C:\Windows\SYSTEM32\sechost.dll
0x000007feff040000 - 0x000007feff16d000 	C:\Windows\system32\RPCRT4.dll
0x0000000076e70000 - 0x0000000076f6a000 	C:\Windows\system32\USER32.dll
0x000007fefd2e0000 - 0x000007fefd347000 	C:\Windows\system32\GDI32.dll
0x000007feff210000 - 0x000007feff21e000 	C:\Windows\system32\LPK.dll
0x000007fefe3d0000 - 0x000007fefe499000 	C:\Windows\system32\USP10.dll
0x000007fefbe80000 - 0x000007fefc074000 	C:\Windows\WinSxS\amd64_microsoft.windows.common-controls_6595b64144ccf1df_6.0.7601.18837_none_fa3b1e3d17594757\COMCTL32.dll
0x000007fefedc0000 - 0x000007fefee31000 	C:\Windows\system32\SHLWAPI.dll
0x000007fefe700000 - 0x000007fefe72e000 	C:\Windows\system32\IMM32.DLL
0x000007fefee40000 - 0x000007fefef49000 	C:\Windows\system32\MSCTF.dll
0x0000000063d80000 - 0x0000000063e52000 	C:\Program Files\Java\jdk1.7.0_75\jre\bin\msvcr100.dll
0x0000000066110000 - 0x00000000668e4000 	C:\Program Files\Java\jdk1.7.0_75\jre\bin\server\jvm.dll
0x000007fefa660000 - 0x000007fefa669000 	C:\Windows\system32\WSOCK32.dll
0x000007fefef50000 - 0x000007fefef9d000 	C:\Windows\system32\WS2_32.dll
0x000007fefe1e0000 - 0x000007fefe1e8000 	C:\Windows\system32\NSI.dll
0x000007fefadd0000 - 0x000007fefae0b000 	C:\Windows\system32\WINMM.dll
0x0000000077260000 - 0x0000000077267000 	C:\Windows\system32\PSAPI.DLL
0x0000000073a10000 - 0x0000000073a1f000 	C:\Program Files\Java\jdk1.7.0_75\jre\bin\verify.dll
0x0000000073870000 - 0x0000000073898000 	C:\Program Files\Java\jdk1.7.0_75\jre\bin\java.dll
0x00000000739f0000 - 0x0000000073a05000 	C:\Program Files\Java\jdk1.7.0_75\jre\bin\zip.dll
0x0000000073510000 - 0x0000000073529000 	C:\Program Files\Java\jdk1.7.0_75\jre\bin\net.dll
0x000007fefc5c0000 - 0x000007fefc615000 	C:\Windows\system32\mswsock.dll
0x000007fefc840000 - 0x000007fefc847000 	C:\Windows\System32\wship6.dll
0x0000000073760000 - 0x0000000073771000 	C:\Program Files\Java\jdk1.7.0_75\jre\bin\nio.dll

VM Arguments:
jvm_args: -Xmx1024M -Dfile.encoding=windows-1252 -Duser.country=US -Duser.language=en -Duser.variant 
java_command: com.android.dx.command.Main --dex --output C:\Users\asopkin\Documents\GitHub\codeu\CountdownTimer\app\build\intermediates\dex\debug C:\Users\asopkin\Documents\GitHub\codeu\CountdownTimer\app\build\intermediates\classes\debug C:\Users\asopkin\Documents\GitHub\codeu\CountdownTimer\app\build\intermediates\pre-dexed\debug\support-annotations-22.1.1-b13c173fdcc3c604f770174239cc0b9595b629c1.jar C:\Users\asopkin\Documents\GitHub\codeu\CountdownTimer\app\build\intermediates\pre-dexed\debug\internal_impl-22.1.1-9042b187724d644c500951d6f8bcf1670afeda0a.jar C:\Users\asopkin\Documents\GitHub\codeu\CountdownTimer\app\build\intermediates\pre-dexed\debug\classes-52c284dc1d75a410b22fa846cf1f8b4a86969e11.jar C:\Users\asopkin\Documents\GitHub\codeu\CountdownTimer\app\build\intermediates\pre-dexed\debug\classes-0c2fc0b44d5d581b72c65779b056fea5eae71b49.jar
Launcher Type: SUN_STANDARD

Environment Variables:
CLASSPATH=.;C:\Program Files (x86)\Java\jre7\lib\ext\QTJava.zip
USERNAME=asopkin
OS=Windows_NT
PROCESSOR_IDENTIFIER=Intel64 Family 6 Model 42 Stepping 7, GenuineIntel



---------------  S Y S T E M  ---------------

OS: Windows 7 , 64 bit Build 7601 Service Pack 1

CPU:total 4 (2 cores per cpu, 2 threads per core) family 6 model 42 stepping 7, cmov, cx8, fxsr, mmx, sse, sse2, sse3, ssse3, sse4.1, sse4.2, popcnt, avx, ht, tsc, tscinvbit

Memory: 4k page, physical 4138428k(422184k free), swap 5760716k(5400k free)

vm_info: Java HotSpot(TM) 64-Bit Server VM (24.75-b04) for windows-amd64 JRE (1.7.0_75-b13), built on Dec 18 2014 17:15:01 by "java_re" with unknown MS VC++:1600

time: Sat Aug 01 11:45:45 2015
elapsed time: 3 seconds

